<?xml version="1.0" encoding="UTF-8"?>
<testsuite name="RobotTest" tests="4" skipped="0" failures="1" errors="0" timestamp="2022-10-27T07:40:06" hostname="RMN00030" time="0.102">
  <properties/>
  <testcase name="robotNamesAreUnique" classname="RobotTest" time="0.064">
    <failure message="java.lang.AssertionError: &#13;&#10;Expected size:&lt;5000&gt; but was:&lt;4985&gt; in:&#13;&#10;&lt;[&quot;JI457&quot;,&#13;&#10;    &quot;UO561&quot;,&#13;&#10;    &quot;WT860&quot;,&#13;&#10;    &quot;IR469&quot;,&#13;&#10;    &quot;RB973&quot;,&#13;&#10;    &quot;LB429&quot;,&#13;&#10;    &quot;VX184&quot;,&#13;&#10;    &quot;IG476&quot;,&#13;&#10;    &quot;IK834&quot;,&#13;&#10;    &quot;GG867&quot;,&#13;&#10;    &quot;OT711&quot;,&#13;&#10;    &quot;CA624&quot;,&#13;&#10;    &quot;KG089&quot;,&#13;&#10;    &quot;QQ284&quot;,&#13;&#10;    &quot;LC761&quot;,&#13;&#10;    &quot;YT479&quot;,&#13;&#10;    &quot;TM586&quot;,&#13;&#10;    &quot;RX969&quot;,&#13;&#10;    &quot;SC628&quot;,&#13;&#10;    &quot;IJ507&quot;,&#13;&#10;    &quot;NN351&quot;,&#13;&#10;    &quot;KR083&quot;,&#13;&#10;    &quot;WI853&quot;,&#13;&#10;    &quot;ND688&quot;,&#13;&#10;    &quot;QI334&quot;,&#13;&#10;    &quot;HS518&quot;,&#13;&#10;    &quot;DO921&quot;,&#13;&#10;    &quot;LX421&quot;,&#13;&#10;    &quot;FK163&quot;,&#13;&#10;    &quot;YS156&quot;,&#13;&#10;    &quot;JS105&quot;,&#13;&#10;    &quot;BQ284&quot;,&#13;&#10;    &quot;SC616&quot;,&#13;&#10;    &quot;ZO824&quot;,&#13;&#10;    &quot;LY750&quot;,&#13;&#10;    &quot;NM021&quot;,&#13;&#10;    &quot;DR189&quot;,&#13;&#10;    &quot;GM186&quot;,&#13;&#10;    &quot;UZ535&quot;,&#13;&#10;    &quot;WH519&quot;,&#13;&#10;    &quot;ZU141&quot;,&#13;&#10;    &quot;SO979&quot;,&#13;&#10;    &quot;PK715&quot;,&#13;&#10;    &quot;QI346&quot;,&#13;&#10;    &quot;WS515&quot;,&#13;&#10;    &quot;SY637&quot;,&#13;&#10;    &quot;GM180&quot;,&#13;&#10;    &quot;ND682&quot;,&#13;&#10;    &quot;GB199&quot;,&#13;&#10;    &quot;YS167&quot;,&#13;&#10;    &quot;TE628&quot;,&#13;&#10;    &quot;IG493&quot;,&#13;&#10;    &quot;EB549&quot;,&#13;&#10;    &quot;AH664&quot;,&#13;&#10;    &quot;FZ561&quot;,&#13;&#10;    &quot;YX852&quot;,&#13;&#10;    &quot;RM998&quot;,&#13;&#10;    &quot;RV329&quot;,&#13;&#10;    &quot;GG884&quot;,&#13;&#10;    &quot;RS281&quot;,&#13;&#10;    &quot;XY909&quot;,&#13;&#10;    &quot;HI879&quot;,&#13;&#10;    &quot;RA651&quot;,&#13;&#10;    &quot;VR848&quot;,&#13;&#10;    &quot;PS694&quot;,&#13;&#10;    &quot;JM820&quot;,&#13;&#10;    &quot;ZJ163&quot;,&#13;&#10;    &quot;UH912&quot;,&#13;&#10;    &quot;FK149&quot;,&#13;&#10;    &quot;NB009&quot;,&#13;&#10;    &quot;SJ274&quot;,&#13;&#10;    &quot;HI875&quot;,&#13;&#10;    &quot;MW346&quot;,&#13;&#10;    &quot;DK544&quot;,&#13;&#10;    &quot;RM980&quot;,&#13;&#10;    &quot;EA202&quot;,&#13;&#10;    &quot;SY621&quot;,&#13;&#10;    &quot;VE208&quot;,&#13;&#10;    &quot;IF153&quot;,&#13;&#10;    &quot;AT972&quot;,&#13;&#10;    &quot;YS176&quot;,&#13;&#10;    &quot;VQ525&quot;,&#13;&#10;    &quot;XY917&quot;,&#13;&#10;    &quot;ZC538&quot;,&#13;&#10;    &quot;RU891&quot;,&#13;&#10;    &quot;XS773&quot;,&#13;&#10;    &quot;HD195&quot;,&#13;&#10;    &quot;SV545&quot;,&#13;&#10;    &quot;XQ110&quot;,&#13;&#10;    &quot;ZU160&quot;,&#13;&#10;    &quot;XS770&quot;,&#13;&#10;    &quot;PH627&quot;,&#13;&#10;    &quot;OO056&quot;,&#13;&#10;    &quot;BG563&quot;,&#13;&#10;    &quot;SA880&quot;,&#13;&#10;    &quot;JA529&quot;,&#13;&#10;    &quot;GI608&quot;,&#13;&#10;    &quot;WQ793&quot;,&#13;&#10;    &quot;YW541&quot;,&#13;&#10;    &quot;XG441&quot;,&#13;&#10;    &quot;IN900&quot;,&#13;&#10;    &quot;BY193&quot;,&#13;&#10;    &quot;ZC548&quot;,&#13;&#10;    &quot;RT550&quot;,&#13;&#10;    &quot;OE388&quot;,&#13;&#10;    &quot;XQ101&quot;,&#13;&#10;    &quot;EN839&quot;,&#13;&#10;    &quot;DR155&quot;,&#13;&#10;    &quot;YM887&quot;,&#13;&#10;    &quot;BS894&quot;,&#13;&#10;    &quot;QG596&quot;,&#13;&#10;    &quot;QJ622&quot;,&#13;&#10;    &quot;MY107&quot;,&#13;&#10;    &quot;QF264&quot;,&#13;&#10;    &quot;NG759&quot;,&#13;&#10;    &quot;GI617&quot;,&#13;&#10;    &quot;CT545&quot;,&#13;&#10;    &quot;AT914&quot;,&#13;&#10;    &quot;FM783&quot;,&#13;&#10;    &quot;SA875&quot;,&#13;&#10;    &quot;TC852&quot;,&#13;&#10;    &quot;ZM202&quot;,&#13;&#10;    &quot;PZ266&quot;,&#13;&#10;    &quot;YW555&quot;,&#13;&#10;    &quot;ZN533&quot;,&#13;&#10;    &quot;GE255&quot;,&#13;&#10;    &quot;LX469&quot;,&#13;&#10;    &quot;CE197&quot;,&#13;&#10;    &quot;PS633&quot;,&#13;&#10;    &quot;FZ593&quot;,&#13;&#10;    &quot;MC103&quot;,&#13;&#10;    &quot;NQ412&quot;,&#13;&#10;    &quot;SZ929&quot;,&#13;&#10;    &quot;BN173&quot;,&#13;&#10;    &quot;JL542&quot;,&#13;&#10;    &quot;BC181&quot;,&#13;&#10;    &quot;OO038&quot;,&#13;&#10;    &quot;TU481&quot;,&#13;&#10;    &quot;PG320&quot;,&#13;&#10;    &quot;LY769&quot;,&#13;&#10;    &quot;BN182&quot;,&#13;&#10;    &quot;EU459&quot;,&#13;&#10;    &quot;ZD882&quot;,&#13;&#10;    &quot;NC392&quot;,&#13;&#10;    &quot;VO779&quot;,&#13;&#10;    &quot;DW820&quot;,&#13;&#10;    &quot;OD036&quot;,&#13;&#10;    &quot;ZG928&quot;,&#13;&#10;    &quot;NC379&quot;,&#13;&#10;    &quot;VU080&quot;,&#13;&#10;    &quot;ML390&quot;,&#13;&#10;    &quot;BC196&quot;,&#13;&#10;    &quot;LA127&quot;,&#13;&#10;    &quot;XH746&quot;,&#13;&#10;    &quot;LW112&quot;,&#13;&#10;    &quot;JX855&quot;,&#13;&#10;    &quot;CB904&quot;,&#13;&#10;    &quot;ML396&quot;,&#13;&#10;    &quot;KO833&quot;,&#13;&#10;    &quot;PZ283&quot;,&#13;&#10;    &quot;SO919&quot;,&#13;&#10;    &quot;NC388&quot;,&#13;&#10;    &quot;TB545&quot;,&#13;&#10;    &quot;ET114&quot;,&#13;&#10;    &quot;SO914&quot;,&#13;&#10;    &quot;TY853&quot;,&#13;&#10;    &quot;ZG922&quot;,&#13;&#10;    &quot;UW471&quot;,&#13;&#10;    &quot;KD842&quot;,&#13;&#10;    &quot;ZG920&quot;,&#13;&#10;    &quot;TD362&quot;,&#13;&#10;    &quot;ZT676&quot;,&#13;&#10;    &quot;CE146&quot;,&#13;&#10;    &quot;DO097&quot;,&#13;&#10;    &quot;AA177&quot;,&#13;&#10;    &quot;AD206&quot;,&#13;&#10;    &quot;IY930&quot;,&#13;&#10;    &quot;OR125&quot;,&#13;&#10;    &quot;AP525&quot;,&#13;&#10;    &quot;NJ847&quot;,&#13;&#10;    &quot;XZ379&quot;,&#13;&#10;    &quot;YP032&quot;,&#13;&#10;    &quot;LE543&quot;,&#13;&#10;    &quot;JS192&quot;,&#13;&#10;    &quot;AF862&quot;,&#13;&#10;    &quot;ZH347&quot;,&#13;&#10;    &quot;VH321&quot;,&#13;&#10;    &quot;TC021&quot;,&#13;&#10;    &quot;KD899&quot;,&#13;&#10;    &quot;CF488&quot;,&#13;&#10;    &quot;WR271&quot;,&#13;&#10;    &quot;OH453&quot;,&#13;&#10;    &quot;IB609&quot;,&#13;&#10;    &quot;PC820&quot;,&#13;&#10;    &quot;DR110&quot;,&#13;&#10;    &quot;MC176&quot;,&#13;&#10;    &quot;UP021&quot;,&#13;&#10;    &quot;UG688&quot;,&#13;&#10;    &quot;FH058&quot;,&#13;&#10;    &quot;UG684&quot;,&#13;&#10;    &quot;UF353&quot;,&#13;&#10;    &quot;OW832&quot;,&#13;&#10;    &quot;VU980&quot;,&#13;&#10;    &quot;OV509&quot;,&#13;&#10;    &quot;JL551&quot;,&#13;&#10;    &quot;TN048&quot;,&#13;&#10;    &quot;JW541&quot;,&#13;&#10;    &quot;IB611&quot;,&#13;&#10;    &quot;KB248&quot;,&#13;&#10;    &quot;PB501&quot;,&#13;&#10;    &quot;ZA733&quot;,&#13;&#10;    &quot;CJ816&quot;,&#13;&#10;    &quot;ZW720&quot;,&#13;&#10;    &quot;XJ581&quot;,&#13;&#10;    &quot;AI911&quot;,&#13;&#10;    &quot;PU460&quot;,&#13;&#10;    &quot;UF326&quot;,&#13;&#10;    &quot;CJ818&quot;,&#13;&#10;    &quot;FU702&quot;,&#13;&#10;    &quot;RN443&quot;,&#13;&#10;    &quot;KO866&quot;,&#13;&#10;    &quot;DZ072&quot;,&#13;&#10;    &quot;AT907&quot;,&#13;&#10;    &quot;FI371&quot;,&#13;&#10;    &quot;RR807&quot;,&#13;&#10;    &quot;IB642&quot;,&#13;&#10;    &quot;OI769&quot;,&#13;&#10;    &quot;KC547&quot;,&#13;&#10;    &quot;TD373&quot;,&#13;&#10;    &quot;NU802&quot;,&#13;&#10;    &quot;CJ821&quot;,&#13;&#10;    &quot;AF874&quot;,&#13;&#10;    &quot;RC436&quot;,&#13;&#10;    &quot;OI765&quot;,&#13;&#10;    &quot;XT233&quot;,&#13;&#10;    &quot;WG257&quot;,&#13;&#10;    &quot;BD487&quot;,&#13;&#10;    &quot;PM512&quot;,&#13;&#10;    &quot;NG783&quot;,&#13;&#10;    &quot;VP275&quot;,&#13;&#10;    &quot;HG295&quot;,&#13;&#10;    &quot;IB634&quot;,&#13;&#10;    &quot;RN435&quot;,&#13;&#10;    &quot;QH031&quot;,&#13;&#10;    &quot;WR240&quot;,&#13;&#10;    &quot;DT743&quot;,&#13;&#10;    &quot;LS604&quot;,&#13;&#10;    &quot;FB726&quot;,&#13;&#10;    &quot;GS344&quot;,&#13;&#10;    &quot;ZW740&quot;,&#13;&#10;    &quot;BZ443&quot;,&#13;&#10;    &quot;AI098&quot;,&#13;&#10;    &quot;CM060&quot;,&#13;&#10;    &quot;YT430&quot;,&#13;&#10;    &quot;IM658&quot;,&#13;&#10;    &quot;EG379&quot;,&#13;&#10;    &quot;VE270&quot;,&#13;&#10;    &quot;ZR068&quot;,&#13;&#10;    &quot;DS402&quot;,&#13;&#10;    &quot;RW664&quot;,&#13;&#10;    &quot;AY770&quot;,&#13;&#10;    &quot;TF998&quot;,&#13;&#10;    &quot;BS819&quot;,&#13;&#10;    &quot;LI951&quot;,&#13;&#10;    &quot;WH562&quot;,&#13;&#10;    &quot;NB901&quot;,&#13;&#10;    &quot;DH425&quot;,&#13;&#10;    &quot;HN703&quot;,&#13;&#10;    &quot;QS039&quot;,&#13;&#10;    &quot;YJ778&quot;,&#13;&#10;    &quot;AN775&quot;,&#13;&#10;    &quot;JV259&quot;,&#13;&#10;    &quot;XN907&quot;,&#13;&#10;    &quot;OR150&quot;,&#13;&#10;    &quot;RV337&quot;,&#13;&#10;    &quot;VT611&quot;,&#13;&#10;    &quot;DP380&quot;,&#13;&#10;    &quot;VJ953&quot;,&#13;&#10;    &quot;EG365&quot;,&#13;&#10;    &quot;KY569&quot;,&#13;&#10;    &quot;GA738&quot;,&#13;&#10;    &quot;GT699&quot;,&#13;&#10;    &quot;AX475&quot;,&#13;&#10;    &quot;WI886&quot;,&#13;&#10;    &quot;SX347&quot;,&#13;&#10;    &quot;WI882&quot;,&#13;&#10;    &quot;US942&quot;,&#13;&#10;    &quot;HC720&quot;,&#13;&#10;    &quot;ZG078&quot;,&#13;&#10;    &quot;NE175&quot;,&#13;&#10;    &quot;VJ927&quot;,&#13;&#10;    &quot;HI022&quot;,&#13;&#10;    &quot;VG896&quot;,&#13;&#10;    &quot;NP160&quot;,&#13;&#10;    &quot;JY312&quot;,&#13;&#10;    &quot;MY180&quot;,&#13;&#10;    &quot;WA926&quot;,&#13;&#10;    &quot;TP632&quot;,&#13;&#10;    &quot;DZ031&quot;,&#13;&#10;    &quot;FQ392&quot;,&#13;&#10;    &quot;WI879&quot;,&#13;&#10;    &quot;WR211&quot;,&#13;&#10;    &quot;WS542&quot;,&#13;&#10;    &quot;XR498&quot;,&#13;&#10;    &quot;PN803&quot;,&#13;&#10;    &quot;VJ935&quot;,&#13;&#10;    &quot;GW735&quot;,&#13;&#10;    &quot;XP741&quot;,&#13;&#10;    &quot;RX169&quot;,&#13;&#10;    &quot;CZ683&quot;,&#13;&#10;    &quot;CD690&quot;,&#13;&#10;    &quot;NW614&quot;,&#13;&#10;    &quot;JD686&quot;,&#13;&#10;    &quot;PF922&quot;,&#13;&#10;    &quot;YF406&quot;,&#13;&#10;    &quot;MQ272&quot;,&#13;&#10;    &quot;BP733&quot;,&#13;&#10;    &quot;MU639&quot;,&#13;&#10;    &quot;CO684&quot;,&#13;&#10;    &quot;PM567&quot;,&#13;&#10;    &quot;RM176&quot;,&#13;&#10;    &quot;FI310&quot;,&#13;&#10;    &quot;VV447&quot;,&#13;&#10;    &quot;GL756&quot;,&#13;&#10;    &quot;HT033&quot;,&#13;&#10;    &quot;NH263&quot;,&#13;&#10;    &quot;AU379&quot;,&#13;&#10;    &quot;RQ532&quot;,&#13;&#10;    &quot;GV419&quot;,&#13;&#10;    &quot;GK427&quot;,&#13;&#10;    &quot;PL231&quot;,&#13;&#10;    &quot;NI591&quot;,&#13;&#10;    &quot;BP742&quot;,&#13;&#10;    &quot;UB837&quot;,&#13;&#10;    &quot;PA245&quot;,&#13;&#10;    &quot;OV580&quot;,&#13;&#10;    &quot;PF930&quot;,&#13;&#10;    &quot;FX805&quot;,&#13;&#10;    &quot;KO012&quot;,&#13;&#10;    &quot;HN743&quot;,&#13;&#10;    &quot;PF933&quot;,&#13;&#10;    &quot;SO149&quot;,&#13;&#10;    &quot;GS395&quot;,&#13;&#10;    &quot;BA391&quot;,&#13;&#10;    &quot;ZZ024&quot;,&#13;&#10;    &quot;XA372&quot;,&#13;&#10;    &quot;JY326&quot;,&#13;&#10;    &quot;YM055&quot;,&#13;&#10;    &quot;KP347&quot;,&#13;&#10;    &quot;QV180&quot;,&#13;&#10;    &quot;TU517&quot;,&#13;&#10;    &quot;TK850&quot;,&#13;&#10;    &quot;PA259&quot;,&#13;&#10;    &quot;AC775&quot;,&#13;&#10;    &quot;AT078&quot;,&#13;&#10;    &quot;BP717&quot;,&#13;&#10;    &quot;JG738&quot;,&#13;&#10;    &quot;UH105&quot;,&#13;&#10;    &quot;ZZ036&quot;,&#13;&#10;    &quot;VR061&quot;,&#13;&#10;    &quot;UE079&quot;,&#13;&#10;    &quot;UI433&quot;,&#13;&#10;    &quot;AI076&quot;,&#13;&#10;    &quot;NM930&quot;,&#13;&#10;    &quot;ZD047&quot;,&#13;&#10;    &quot;CC346&quot;,&#13;&#10;    &quot;IE753&quot;,&#13;&#10;    &quot;ZI734&quot;,&#13;&#10;    &quot;PX579&quot;,&#13;&#10;    &quot;XA365&quot;,&#13;&#10;    &quot;UT446&quot;,&#13;&#10;    &quot;AX424&quot;,&#13;&#10;    &quot;CZ672&quot;,&#13;&#10;    &quot;TK828&quot;,&#13;&#10;    &quot;AA106&quot;,&#13;&#10;    &quot;JR714&quot;,&#13;&#10;    &quot;SG200&quot;,&#13;&#10;    &quot;YR757&quot;,&#13;&#10;    &quot;DG996&quot;,&#13;&#10;    &quot;MQ242&quot;,&#13;&#10;    &quot;GR093&quot;,&#13;&#10;    &quot;BA374&quot;,&#13;&#10;    &quot;EO260&quot;,&#13;&#10;    &quot;UI450&quot;,&#13;&#10;    &quot;HB439&quot;,&#13;&#10;    &quot;VR055&quot;,&#13;&#10;    &quot;ES621&quot;,&#13;&#10;    &quot;KG997&quot;,&#13;&#10;    &quot;XK014&quot;,&#13;&#10;    &quot;CD688&quot;,&#13;&#10;    &quot;NT554&quot;,&#13;&#10;    &quot;YY398&quot;,&#13;&#10;    &quot;HX420&quot;,&#13;&#10;    &quot;IO409&quot;,&#13;&#10;    &quot;JY343&quot;,&#13;&#10;    &quot;PM595&quot;,&#13;&#10;    &quot;YJ802&quot;,&#13;&#10;    &quot;QK147&quot;,&#13;&#10;    &quot;WC724&quot;,&#13;&#10;    &quot;RZ782&quot;,&#13;&#10;    &quot;MH016&quot;,&#13;&#10;    &quot;GL794&quot;,&#13;&#10;    &quot;WV687&quot;,&#13;&#10;    &quot;IW399&quot;,&#13;&#10;    &quot;FG573&quot;,&#13;&#10;    &quot;UF388&quot;,&#13;&#10;    &quot;KO040&quot;,&#13;&#10;    &quot;WK689&quot;,&#13;&#10;    &quot;DQ636&quot;,&#13;&#10;    &quot;HI081&quot;,&#13;&#10;    &quot;QE834&quot;,&#13;&#10;    &quot;WK696&quot;,&#13;&#10;    &quot;LF038&quot;,&#13;&#10;    &quot;XY129&quot;,&#13;&#10;    &quot;WJ361&quot;,&#13;&#10;    &quot;IP767&quot;,&#13;&#10;    &quot;IP766&quot;,&#13;&#10;    &quot;QD509&quot;,&#13;&#10;    &quot;JN381&quot;,&#13;&#10;    &quot;FK927&quot;,&#13;&#10;    &quot;JX041&quot;,&#13;&#10;    &quot;FW512&quot;,&#13;&#10;    &quot;UI428&quot;,&#13;&#10;    &quot;MJ685&quot;,&#13;&#10;    &quot;JC386&quot;,&#13;&#10;    &quot;KO058&quot;,&#13;&#10;    &quot;YE128&quot;,&#13;&#10;    &quot;HB464&quot;,&#13;&#10;    &quot;XZ465&quot;,&#13;&#10;    &quot;BB683&quot;,&#13;&#10;    &quot;TR444&quot;,&#13;&#10;    &quot;QE841&quot;,&#13;&#10;    &quot;IC100&quot;,&#13;&#10;    &quot;LR366&quot;,&#13;&#10;    &quot;CP988&quot;,&#13;&#10;    &quot;NW646&quot;,&#13;&#10;    &quot;VK403&quot;,&#13;&#10;    &quot;RO784&quot;,&#13;&#10;    &quot;EE586&quot;,&#13;&#10;    &quot;MM708&quot;,&#13;&#10;    &quot;TY042&quot;,&#13;&#10;    &quot;GK482&quot;,&#13;&#10;    &quot;AB408&quot;,&#13;&#10;    &quot;OV551&quot;,&#13;&#10;    &quot;MQ299&quot;,&#13;&#10;    &quot;ZZ070&quot;,&#13;&#10;    &quot;QW482&quot;,&#13;&#10;    &quot;IE790&quot;,&#13;&#10;    &quot;HN795&quot;,&#13;&#10;    &quot;UJ729&quot;,&#13;&#10;    &quot;YR790&quot;,&#13;&#10;    &quot;GJ157&quot;,&#13;&#10;    &quot;GJ158&quot;,&#13;&#10;    &quot;CC301&quot;,&#13;&#10;    &quot;ZA823&quot;,&#13;&#10;    &quot;OO948&quot;,&#13;&#10;    &quot;JF432&quot;,&#13;&#10;    &quot;LG351&quot;,&#13;&#10;    &quot;QO538&quot;,&#13;&#10;    &quot;BI290&quot;,&#13;&#10;    &quot;JG767&quot;,&#13;&#10;    &quot;OO942&quot;,&#13;&#10;    &quot;TZ380&quot;,&#13;&#10;    &quot;BL324&quot;,&#13;&#10;    &quot;WA991&quot;,&#13;&#10;    &quot;DM248&quot;,&#13;&#10;    &quot;XL309&quot;,&#13;&#10;    &quot;BW320&quot;,&#13;&#10;    &quot;CK272&quot;,&#13;&#10;    &quot;XL303&quot;,&#13;&#10;    &quot;EQ884&quot;,&#13;&#10;    &quot;XB643&quot;,&#13;&#10;    &quot;GN527&quot;,&#13;&#10;    &quot;HA162&quot;,&#13;&#10;    &quot;FH868&quot;,&#13;&#10;    &quot;RP281&quot;,&#13;&#10;    &quot;UL570&quot;,&#13;&#10;    &quot;PH701&quot;,&#13;&#10;    &quot;EW187&quot;,&#13;&#10;    &quot;DN564&quot;,&#13;&#10;    &quot;SW955&quot;,&#13;&#10;    &quot;HM484&quot;,&#13;&#10;    &quot;CD617&quot;,&#13;&#10;    &quot;EP541&quot;,&#13;&#10;    &quot;CL570&quot;,&#13;&#10;    &quot;EE554&quot;,&#13;&#10;    &quot;SA963&quot;,&#13;&#10;    &quot;SA965&quot;,&#13;&#10;    &quot;TJ599&quot;,&#13;&#10;    &quot;OF718&quot;,&#13;&#10;    &quot;HW142&quot;,&#13;&#10;    &quot;NZ722&quot;,&#13;&#10;    &quot;XN153&quot;,&#13;&#10;    &quot;DO881&quot;,&#13;&#10;    &quot;HP528&quot;,&#13;&#10;    &quot;UK252&quot;,&#13;&#10;    &quot;QS993&quot;,&#13;&#10;    &quot;WD202&quot;,&#13;&#10;    &quot;FD498&quot;,&#13;&#10;    &quot;VB237&quot;,&#13;&#10;    &quot;JQ442&quot;,&#13;&#10;    &quot;FO488&quot;,&#13;&#10;    &quot;NU023&quot;,&#13;&#10;    &quot;CK256&quot;,&#13;&#10;    &quot;ZM247&quot;,&#13;&#10;    &quot;IH834&quot;,&#13;&#10;    &quot;YW595&quot;,&#13;&#10;    &quot;AG264&quot;,&#13;&#10;    &quot;GC554&quot;,&#13;&#10;    &quot;AW981&quot;,&#13;&#10;    &quot;HD210&quot;,&#13;&#10;    &quot;FX897&quot;,&#13;&#10;    &quot;AJ329&quot;,&#13;&#10;    &quot;HD218&quot;,&#13;&#10;    &quot;WP516&quot;,&#13;&#10;    &quot;UW549&quot;,&#13;&#10;    &quot;IN160&quot;,&#13;&#10;    &quot;UK225&quot;,&#13;&#10;    &quot;WQ856&quot;,&#13;&#10;    &quot;KD070&quot;,&#13;&#10;    &quot;WP524&quot;,&#13;&#10;    &quot;TY926&quot;,&#13;&#10;    &quot;TY929&quot;,&#13;&#10;    &quot;GZ878&quot;,&#13;&#10;    &quot;ZB263&quot;,&#13;&#10;    &quot;GG926&quot;,&#13;&#10;    &quot;TU564&quot;,&#13;&#10;    &quot;XW324&quot;,&#13;&#10;    &quot;TJ572&quot;,&#13;&#10;    &quot;EB490&quot;,&#13;&#10;    &quot;UM890&quot;,&#13;&#10;    &quot;DD886&quot;,&#13;&#10;    &quot;YN313&quot;,&#13;&#10;    &quot;SV633&quot;,&#13;&#10;    &quot;WM479&quot;,&#13;&#10;    &quot;OJ297&quot;,&#13;&#10;    &quot;GZ886&quot;,&#13;&#10;    &quot;VD876&quot;,&#13;&#10;    &quot;XV092&quot;,&#13;&#10;    &quot;HP544&quot;,&#13;&#10;    &quot;ID493&quot;,&#13;&#10;    &quot;PD386&quot;,&#13;&#10;    &quot;CP924&quot;,&#13;&#10;    &quot;EA166&quot;,&#13;&#10;    &quot;OF760&quot;,&#13;&#10;    &quot;DJ160&quot;,&#13;&#10;    &quot;DC526&quot;,&#13;&#10;    &quot;CS175&quot;,&#13;&#10;    &quot;NC448&quot;,&#13;&#10;    &quot;YD667&quot;,&#13;&#10;    &quot;BI221&quot;,&#13;&#10;    &quot;VV480&quot;,&#13;&#10;    &quot;SR227&quot;,&#13;&#10;    &quot;EE519&quot;,&#13;&#10;    &quot;WQ830&quot;,&#13;&#10;    &quot;PO305&quot;,&#13;&#10;    &quot;KG168&quot;,&#13;&#10;    &quot;KH496&quot;,&#13;&#10;    &quot;FN122&quot;,&#13;&#10;    &quot;QY241&quot;,&#13;&#10;    &quot;ZF644&quot;,&#13;&#10;    &quot;WC797&quot;,&#13;&#10;    &quot;GM257&quot;,&#13;&#10;    &quot;HI935&quot;,&#13;&#10;    &quot;FD457&quot;,&#13;&#10;    &quot;WA136&quot;,&#13;&#10;    &quot;JE161&quot;,&#13;&#10;    &quot;VK494&quot;,&#13;&#10;    &quot;LB516&quot;,&#13;&#10;    &quot;BN924&quot;,&#13;&#10;    &quot;DO841&quot;,&#13;&#10;    &quot;OM387&quot;,&#13;&#10;    &quot;EX464&quot;,&#13;&#10;    &quot;CS184&quot;,&#13;&#10;    &quot;DK489&quot;,&#13;&#10;    &quot;AA919&quot;,&#13;&#10;    &quot;DZ841&quot;,&#13;&#10;    &quot;AH554&quot;,&#13;&#10;    &quot;CL542&quot;,&#13;&#10;    &quot;NN434&quot;,&#13;&#10;    &quot;AL910&quot;,&#13;&#10;    &quot;CA552&quot;,&#13;&#10;    &quot;EM466&quot;,&#13;&#10;    &quot;IK901&quot;,&#13;&#10;    &quot;IQ233&quot;,&#13;&#10;    &quot;VJ134&quot;,&#13;&#10;    &quot;ZR992&quot;,&#13;&#10;    &quot;WT086&quot;,&#13;&#10;    &quot;WT087&quot;,&#13;&#10;    &quot;VK462&quot;,&#13;&#10;    &quot;FZ632&quot;,&#13;&#10;    &quot;LK784&quot;,&#13;&#10;    &quot;US144&quot;,&#13;&#10;    &quot;HS609&quot;,&#13;&#10;    &quot;LY806&quot;,&#13;&#10;    &quot;BF173&quot;,&#13;&#10;    &quot;OY668&quot;,&#13;&#10;    &quot;DO838&quot;,&#13;&#10;    &quot;CT479&quot;,&#13;&#10;    &quot;ZD001&quot;,&#13;&#10;    &quot;CM842&quot;,&#13;&#10;    &quot;JB918&quot;,&#13;&#10;    &quot;PO324&quot;,&#13;&#10;    &quot;LT111&quot;,&#13;&#10;    &quot;NK396&quot;,&#13;&#10;    &quot;XO421&quot;,&#13;&#10;    &quot;FD438&quot;,&#13;&#10;    &quot;CL528&quot;,&#13;&#10;    &quot;WY761&quot;,&#13;&#10;    &quot;TI207&quot;,&#13;&#10;    &quot;FY317&quot;,&#13;&#10;    &quot;LK797&quot;,&#13;&#10;    &quot;MX756&quot;,&#13;&#10;    &quot;VR090&quot;,&#13;&#10;    &quot;ZZ000&quot;,&#13;&#10;    &quot;GY597&quot;,&#13;&#10;    &quot;OA038&quot;,&#13;&#10;    &quot;GB281&quot;,&#13;&#10;    &quot;AT897&quot;,&#13;&#10;    &quot;EN772&quot;,&#13;&#10;    &quot;PO334&quot;,&#13;&#10;    &quot;RT613&quot;,&#13;&#10;    &quot;PN003&quot;,&#13;&#10;    &quot;KS283&quot;,&#13;&#10;    &quot;PT870&quot;,&#13;&#10;    &quot;BQ387&quot;,&#13;&#10;    &quot;VX065&quot;,&#13;&#10;    &quot;YB720&quot;,&#13;&#10;    &quot;QI202&quot;,&#13;&#10;    &quot;XS693&quot;,&#13;&#10;    &quot;LB303&quot;,&#13;&#10;    &quot;HP353&quot;,&#13;&#10;    &quot;LZ956&quot;,&#13;&#10;    &quot;FK291&quot;,&#13;&#10;    &quot;TA122&quot;,&#13;&#10;    &quot;IG359&quot;,&#13;&#10;    &quot;FV068&quot;,&#13;&#10;    &quot;JK987&quot;,&#13;&#10;    &quot;XQ024&quot;,&#13;&#10;    &quot;EW330&quot;,&#13;&#10;    &quot;EY993&quot;,&#13;&#10;    &quot;EV000&quot;,&#13;&#10;    &quot;YA403&quot;,&#13;&#10;    &quot;JJ658&quot;,&#13;&#10;    &quot;YM725&quot;,&#13;&#10;    &quot;DJ355&quot;,&#13;&#10;    &quot;XS680&quot;,&#13;&#10;    &quot;DI024&quot;,&#13;&#10;    &quot;QF185&quot;,&#13;&#10;    &quot;EX659&quot;,&#13;&#10;    &quot;SA793&quot;,&#13;&#10;    &quot;PL923&quot;,&#13;&#10;    &quot;MQ946&quot;,&#13;&#10;    &quot;YI372&quot;,&#13;&#10;    &quot;GB061&quot;,&#13;&#10;    &quot;MF957&quot;,&#13;&#10;    &quot;DW999&quot;,&#13;&#10;    &quot;KW620&quot;,&#13;&#10;    &quot;TM438&quot;,&#13;&#10;    &quot;HI749&quot;,&#13;&#10;    &quot;OP207&quot;,&#13;&#10;    &quot;UE754&quot;,&#13;&#10;    &quot;DK675&quot;,&#13;&#10;    &quot;OB180&quot;,&#13;&#10;    &quot;WE366&quot;,&#13;&#10;    &quot;QQ182&quot;,&#13;&#10;    &quot;VN381&quot;,&#13;&#10;    &quot;SD852&quot;,&#13;&#10;    &quot;TE504&quot;,&#13;&#10;    &quot;RM876&quot;,&#13;&#10;    &quot;RW539&quot;,&#13;&#10;    &quot;TA143&quot;,&#13;&#10;    &quot;HO041&quot;,&#13;&#10;    &quot;AH782&quot;,&#13;&#10;    &quot;UK071&quot;,&#13;&#10;    &quot;VC392&quot;,&#13;&#10;    &quot;AK802&quot;,&#13;&#10;    &quot;JJ673&quot;,&#13;&#10;    &quot;YB753&quot;,&#13;&#10;    &quot;QY912&quot;,&#13;&#10;    &quot;MY885&quot;,&#13;&#10;    &quot;FL596&quot;,&#13;&#10;    &quot;PH584&quot;,&#13;&#10;    &quot;YS058&quot;,&#13;&#10;    &quot;BI417&quot;,&#13;&#10;    &quot;KH288&quot;,&#13;&#10;    &quot;ZC404&quot;,&#13;&#10;    &quot;PR244&quot;,&#13;&#10;    &quot;LQ704&quot;,&#13;&#10;    &quot;BP013&quot;,&#13;&#10;    &quot;NQ314&quot;,&#13;&#10;    &quot;GP112&quot;,&#13;&#10;    &quot;LL018&quot;,&#13;&#10;    &quot;DA987&quot;,&#13;&#10;    &quot;TX410&quot;,&#13;&#10;    &quot;SL765&quot;,&#13;&#10;    &quot;JB740&quot;,&#13;&#10;    &quot;BJ710&quot;,&#13;&#10;    &quot;QG465&quot;,&#13;&#10;    &quot;QG462&quot;,&#13;&#10;    &quot;FP945&quot;,&#13;&#10;    &quot;EA313&quot;,&#13;&#10;    &quot;LY668&quot;,&#13;&#10;    &quot;PH510&quot;,&#13;&#10;    &quot;LB350&quot;,&#13;&#10;    &quot;VO692&quot;,&#13;&#10;    &quot;TJ396&quot;,&#13;&#10;    &quot;VD682&quot;,&#13;&#10;    &quot;VG711&quot;,&#13;&#10;    &quot;JT361&quot;,&#13;&#10;    &quot;GJ811&quot;,&#13;&#10;    &quot;XY808&quot;,&#13;&#10;    &quot;TI069&quot;,&#13;&#10;    &quot;RI452&quot;,&#13;&#10;    &quot;KV367&quot;,&#13;&#10;    &quot;CL704&quot;,&#13;&#10;    &quot;IQ044&quot;,&#13;&#10;    &quot;IV737&quot;,&#13;&#10;    &quot;QK830&quot;,&#13;&#10;    &quot;UZ405&quot;,&#13;&#10;    &quot;HG112&quot;,&#13;&#10;    &quot;ZN421&quot;,&#13;&#10;    &quot;UE742&quot;,&#13;&#10;    &quot;IG381&quot;,&#13;&#10;    &quot;CA707&quot;,&#13;&#10;    &quot;DK645&quot;,&#13;&#10;    &quot;AS706&quot;,&#13;&#10;    &quot;QS793&quot;,&#13;&#10;    &quot;CA713&quot;,&#13;&#10;    &quot;TX423&quot;,&#13;&#10;    &quot;LW019&quot;,&#13;&#10;    &quot;GJ824&quot;,&#13;&#10;    &quot;TL106&quot;,&#13;&#10;    &quot;GP138&quot;,&#13;&#10;    &quot;XT965&quot;,&#13;&#10;    &quot;QV839&quot;,&#13;&#10;    &quot;AZ376&quot;,&#13;&#10;    &quot;JM752&quot;,&#13;&#10;    &quot;AZ374&quot;,&#13;&#10;    &quot;SL789&quot;,&#13;&#10;    &quot;OQ574&quot;,&#13;&#10;    &quot;YL449&quot;,&#13;&#10;    &quot;FR517&quot;,&#13;&#10;    &quot;FP922&quot;,&#13;&#10;    &quot;YM780&quot;,&#13;&#10;    &quot;HR117&quot;,&#13;&#10;    &quot;LC661&quot;,&#13;&#10;    &quot;WQ654&quot;,&#13;&#10;    &quot;VB008&quot;,&#13;&#10;    &quot;XI961&quot;,&#13;&#10;    &quot;QK851&quot;,&#13;&#10;    &quot;YM787&quot;,&#13;&#10;    &quot;ZU075&quot;,&#13;&#10;    &quot;EC939&quot;,&#13;&#10;    &quot;SK440&quot;,&#13;&#10;    &quot;JL419&quot;,&#13;&#10;    &quot;SL771&quot;,&#13;&#10;    &quot;DK622&quot;,&#13;&#10;    &quot;KU012&quot;,&#13;&#10;    &quot;QQ158&quot;,&#13;&#10;    &quot;HR129&quot;,&#13;&#10;    &quot;HI791&quot;,&#13;&#10;    &quot;VY325&quot;,&#13;&#10;    &quot;AP693&quot;,&#13;&#10;    &quot;ZG802&quot;,&#13;&#10;    &quot;RI465&quot;,&#13;&#10;    &quot;TX403&quot;,&#13;&#10;    &quot;LX326&quot;,&#13;&#10;    &quot;GI514&quot;,&#13;&#10;    &quot;LX324&quot;,&#13;&#10;    &quot;EY927&quot;,&#13;&#10;    &quot;FB885&quot;,&#13;&#10;    &quot;MY036&quot;,&#13;&#10;    &quot;ZS221&quot;,&#13;&#10;    &quot;AA298&quot;,&#13;&#10;    &quot;GQ488&quot;,&#13;&#10;    &quot;QN977&quot;,&#13;&#10;    &quot;JM774&quot;,&#13;&#10;    &quot;WV524&quot;,&#13;&#10;    &quot;HH479&quot;,&#13;&#10;    &quot;UQ228&quot;,&#13;&#10;    &quot;NF365&quot;,&#13;&#10;    &quot;CP254&quot;,&#13;&#10;    &quot;CQ587&quot;,&#13;&#10;    &quot;CT610&quot;,&#13;&#10;    &quot;EV888&quot;,&#13;&#10;    &quot;HT797&quot;,&#13;&#10;    &quot;YR575&quot;,&#13;&#10;    &quot;HH472&quot;,&#13;&#10;    &quot;IN822&quot;,&#13;&#10;    &quot;DS580&quot;,&#13;&#10;    &quot;GF497&quot;,&#13;&#10;    &quot;VI537&quot;,&#13;&#10;    &quot;ZM910&quot;,&#13;&#10;    &quot;RN301&quot;,&#13;&#10;    &quot;PK660&quot;,&#13;&#10;    &quot;LP426&quot;,&#13;&#10;    &quot;BN288&quot;,&#13;&#10;    &quot;DW921&quot;,&#13;&#10;    &quot;PU330&quot;,&#13;&#10;    &quot;TI944&quot;,&#13;&#10;    &quot;FQ210&quot;,&#13;&#10;    &quot;WS487&quot;,&#13;&#10;    &quot;HK516&quot;,&#13;&#10;    &quot;IF091&quot;,&#13;&#10;    &quot;PC704&quot;,&#13;&#10;    &quot;FR549&quot;,&#13;&#10;    &quot;EY900&quot;,&#13;&#10;    &quot;UK920&quot;,&#13;&#10;    &quot;QA326&quot;,&#13;&#10;    &quot;OP292&quot;,&#13;&#10;    &quot;RP957&quot;,&#13;&#10;    &quot;DK607&quot;,&#13;&#10;    &quot;WA859&quot;,&#13;&#10;    &quot;TD263&quot;,&#13;&#10;    &quot;KZ733&quot;,&#13;&#10;    &quot;SM272&quot;,&#13;&#10;    &quot;HL851&quot;,&#13;&#10;    &quot;XQ092&quot;,&#13;&#10;    &quot;OS312&quot;,&#13;&#10;    &quot;DG223&quot;,&#13;&#10;    &quot;TL192&quot;,&#13;&#10;    &quot;LB379&quot;,&#13;&#10;    &quot;GB911&quot;,&#13;&#10;    &quot;VU856&quot;,&#13;&#10;    &quot;JM791&quot;,&#13;&#10;    &quot;ZL608&quot;,&#13;&#10;    &quot;AO332&quot;,&#13;&#10;    &quot;LX359&quot;,&#13;&#10;    &quot;PI020&quot;,&#13;&#10;    &quot;AC011&quot;,&#13;&#10;    &quot;EK877&quot;,&#13;&#10;    &quot;JV122&quot;,&#13;&#10;    &quot;PT016&quot;,&#13;&#10;    &quot;VE173&quot;,&#13;&#10;    &quot;HG178&quot;,&#13;&#10;    &quot;LL049&quot;,&#13;&#10;    &quot;SY589&quot;,&#13;&#10;    &quot;CI619&quot;,&#13;&#10;    &quot;JA463&quot;,&#13;&#10;    &quot;YK966&quot;,&#13;&#10;    &quot;XZ287&quot;,&#13;&#10;    &quot;NH996&quot;,&#13;&#10;    &quot;RP978&quot;,&#13;&#10;    &quot;DL914&quot;,&#13;&#10;    &quot;UK904&quot;,&#13;&#10;    &quot;SG958&quot;,&#13;&#10;    &quot;EU526&quot;,&#13;&#10;    &quot;EJ537&quot;,&#13;&#10;    &quot;EU525&quot;,&#13;&#10;    &quot;SG959&quot;,&#13;&#10;    &quot;TP568&quot;,&#13;&#10;    &quot;QJ572&quot;,&#13;&#10;    &quot;CG887&quot;,&#13;&#10;    &quot;OG055&quot;,&#13;&#10;    &quot;JA491&quot;,&#13;&#10;    &quot;XT105&quot;,&#13;&#10;    &quot;FA515&quot;,&#13;&#10;    &quot;EF161&quot;,&#13;&#10;    &quot;SN546&quot;,&#13;&#10;    &quot;QJ577&quot;,&#13;&#10;    &quot;FL502&quot;,&#13;&#10;    &quot;MQ116&quot;,&#13;&#10;    &quot;UC162&quot;,&#13;&#10;    &quot;CR873&quot;,&#13;&#10;    &quot;HL871&quot;,&#13;&#10;    &quot;TE528&quot;,&#13;&#10;    &quot;OT639&quot;,&#13;&#10;    &quot;BH938&quot;,&#13;&#10;    &quot;NP063&quot;,&#13;&#10;    &quot;FB839&quot;,&#13;&#10;    &quot;XJ432&quot;,&#13;&#10;    &quot;MK813&quot;,&#13;&#10;    &quot;ZM954&quot;,&#13;&#10;    &quot;VU838&quot;,&#13;&#10;    &quot;KG844&quot;,&#13;&#10;    &quot;MY069&quot;,&#13;&#10;    &quot;AB576&quot;,&#13;&#10;    &quot;JK144&quot;,&#13;&#10;    &quot;FU611&quot;,&#13;&#10;    &quot;RK219&quot;,&#13;&#10;    &quot;SM205&quot;,&#13;&#10;    &quot;JP834&quot;,&#13;&#10;    &quot;KN480&quot;,&#13;&#10;    &quot;HO915&quot;,&#13;&#10;    &quot;DT855&quot;,&#13;&#10;    &quot;QT247&quot;,&#13;&#10;    &quot;BZ573&quot;,&#13;&#10;    &quot;OR032&quot;,&#13;&#10;    &quot;HL881&quot;,&#13;&#10;    &quot;RP915&quot;,&#13;&#10;    &quot;RH196&quot;,&#13;&#10;    &quot;TA151&quot;,&#13;&#10;    &quot;PG273&quot;,&#13;&#10;    &quot;DT841&quot;,&#13;&#10;    &quot;ZA659&quot;,&#13;&#10;    &quot;NP048&quot;,&#13;&#10;    &quot;MG425&quot;,&#13;&#10;    &quot;AW262&quot;,&#13;&#10;    &quot;MY054&quot;,&#13;&#10;    &quot;DP485&quot;,&#13;&#10;    &quot;XR386&quot;,&#13;&#10;    &quot;SM237&quot;,&#13;&#10;    &quot;WT766&quot;,&#13;&#10;    &quot;YJ664&quot;,&#13;&#10;    &quot;FJ786&quot;,&#13;&#10;    &quot;HO926&quot;,&#13;&#10;    &quot;BD551&quot;,&#13;&#10;    &quot;SR921&quot;,&#13;&#10;    &quot;BC220&quot;,&#13;&#10;    &quot;KU089&quot;,&#13;&#10;    &quot;LA089&quot;,&#13;&#10;    &quot;FI453&quot;,&#13;&#10;    &quot;LX394&quot;,&#13;&#10;    &quot;OS350&quot;,&#13;&#10;    &quot;QN948&quot;,&#13;&#10;    &quot;ZA654&quot;,&#13;&#10;    &quot;VE110&quot;,&#13;&#10;    &quot;CR855&quot;,&#13;&#10;    &quot;RW561&quot;,&#13;&#10;    &quot;PW973&quot;,&#13;&#10;    &quot;RV233&quot;,&#13;&#10;    &quot;SJ190&quot;,&#13;&#10;    &quot;JK169&quot;,&#13;&#10;    &quot;JO523&quot;,&#13;&#10;    &quot;OI688&quot;,&#13;&#10;    &quot;DP479&quot;,&#13;&#10;    &quot;FT305&quot;,&#13;&#10;    &quot;BE899&quot;,&#13;&#10;    &quot;MZ380&quot;,&#13;&#10;    &quot;TM498&quot;,&#13;&#10;    &quot;JV151&quot;,&#13;&#10;    &quot;AQ940&quot;,&#13;&#10;    &quot;ZB997&quot;,&#13;&#10;    &quot;TH687&quot;,&#13;&#10;    &quot;QP755&quot;,&#13;&#10;    &quot;XM592&quot;,&#13;&#10;    &quot;HZ940&quot;,&#13;&#10;    &quot;MR484&quot;,&#13;&#10;    &quot;BO524&quot;,&#13;&#10;    &quot;JS916&quot;,&#13;&#10;    &quot;BK167&quot;,&#13;&#10;    &quot;SP368&quot;,&#13;&#10;    &quot;DD135&quot;,&#13;&#10;    &quot;XA261&quot;,&#13;&#10;    &quot;XW267&quot;,&#13;&#10;    &quot;JH916&quot;,&#13;&#10;    &quot;BE867&quot;,&#13;&#10;    &quot;WO971&quot;,&#13;&#10;    &quot;KQ545&quot;,&#13;&#10;    &quot;JY219&quot;,&#13;&#10;    &quot;GH278&quot;,&#13;&#10;    &quot;FP066&quot;,&#13;&#10;    &quot;AU499&quot;,&#13;&#10;    &quot;KU905&quot;,&#13;&#10;    &quot;LD171&quot;,&#13;&#10;    &quot;IA258&quot;,&#13;&#10;    &quot;LI870&quot;,&#13;&#10;    &quot;UB712&quot;,&#13;&#10;    &quot;FU659&quot;,&#13;&#10;    &quot;IW225&quot;,&#13;&#10;    &quot;JE883&quot;,&#13;&#10;    &quot;AB538&quot;,&#13;&#10;    &quot;HB305&quot;,&#13;&#10;    &quot;YG625&quot;,&#13;&#10;    &quot;XW272&quot;,&#13;&#10;    &quot;FI423&quot;,&#13;&#10;    &quot;JH911&quot;,&#13;&#10;    &quot;WM302&quot;,&#13;&#10;    &quot;GW631&quot;,&#13;&#10;    &quot;MV837&quot;,&#13;&#10;    &quot;NI467&quot;,&#13;&#10;    &quot;AT159&quot;,&#13;&#10;    &quot;MK844&quot;,&#13;&#10;    &quot;JV172&quot;,&#13;&#10;    &quot;GL643&quot;,&#13;&#10;    &quot;YY255&quot;,&#13;&#10;    &quot;GM976&quot;,&#13;&#10;    &quot;XM572&quot;,&#13;&#10;    &quot;RG769&quot;,&#13;&#10;    &quot;FT332&quot;,&#13;&#10;    &quot;DP447&quot;,&#13;&#10;    &quot;QE784&quot;,&#13;&#10;    &quot;IW258&quot;,&#13;&#10;    &quot;QC121&quot;,&#13;&#10;    &quot;OU148&quot;,&#13;&#10;    &quot;UV979&quot;,&#13;&#10;    &quot;BW472&quot;,&#13;&#10;    &quot;EO391&quot;,&#13;&#10;    &quot;QV079&quot;,&#13;&#10;    &quot;QE778&quot;,&#13;&#10;    &quot;QY104&quot;,&#13;&#10;    &quot;UJ648&quot;,&#13;&#10;    &quot;WK592&quot;,&#13;&#10;    &quot;BD514&quot;,&#13;&#10;    &quot;MK837&quot;,&#13;&#10;    &quot;KE209&quot;,&#13;&#10;    &quot;BL482&quot;,&#13;&#10;    &quot;TF014&quot;,&#13;&#10;    &quot;FU670&quot;,&#13;&#10;    ...]&gt;" type="java.lang.AssertionError">java.lang.AssertionError: 
Expected size:&lt;5000&gt; but was:&lt;4985&gt; in:
&lt;[&quot;JI457&quot;,
    &quot;UO561&quot;,
    &quot;WT860&quot;,
    &quot;IR469&quot;,
    &quot;RB973&quot;,
    &quot;LB429&quot;,
    &quot;VX184&quot;,
    &quot;IG476&quot;,
    &quot;IK834&quot;,
    &quot;GG867&quot;,
    &quot;OT711&quot;,
    &quot;CA624&quot;,
    &quot;KG089&quot;,
    &quot;QQ284&quot;,
    &quot;LC761&quot;,
    &quot;YT479&quot;,
    &quot;TM586&quot;,
    &quot;RX969&quot;,
    &quot;SC628&quot;,
    &quot;IJ507&quot;,
    &quot;NN351&quot;,
    &quot;KR083&quot;,
    &quot;WI853&quot;,
    &quot;ND688&quot;,
    &quot;QI334&quot;,
    &quot;HS518&quot;,
    &quot;DO921&quot;,
    &quot;LX421&quot;,
    &quot;FK163&quot;,
    &quot;YS156&quot;,
    &quot;JS105&quot;,
    &quot;BQ284&quot;,
    &quot;SC616&quot;,
    &quot;ZO824&quot;,
    &quot;LY750&quot;,
    &quot;NM021&quot;,
    &quot;DR189&quot;,
    &quot;GM186&quot;,
    &quot;UZ535&quot;,
    &quot;WH519&quot;,
    &quot;ZU141&quot;,
    &quot;SO979&quot;,
    &quot;PK715&quot;,
    &quot;QI346&quot;,
    &quot;WS515&quot;,
    &quot;SY637&quot;,
    &quot;GM180&quot;,
    &quot;ND682&quot;,
    &quot;GB199&quot;,
    &quot;YS167&quot;,
    &quot;TE628&quot;,
    &quot;IG493&quot;,
    &quot;EB549&quot;,
    &quot;AH664&quot;,
    &quot;FZ561&quot;,
    &quot;YX852&quot;,
    &quot;RM998&quot;,
    &quot;RV329&quot;,
    &quot;GG884&quot;,
    &quot;RS281&quot;,
    &quot;XY909&quot;,
    &quot;HI879&quot;,
    &quot;RA651&quot;,
    &quot;VR848&quot;,
    &quot;PS694&quot;,
    &quot;JM820&quot;,
    &quot;ZJ163&quot;,
    &quot;UH912&quot;,
    &quot;FK149&quot;,
    &quot;NB009&quot;,
    &quot;SJ274&quot;,
    &quot;HI875&quot;,
    &quot;MW346&quot;,
    &quot;DK544&quot;,
    &quot;RM980&quot;,
    &quot;EA202&quot;,
    &quot;SY621&quot;,
    &quot;VE208&quot;,
    &quot;IF153&quot;,
    &quot;AT972&quot;,
    &quot;YS176&quot;,
    &quot;VQ525&quot;,
    &quot;XY917&quot;,
    &quot;ZC538&quot;,
    &quot;RU891&quot;,
    &quot;XS773&quot;,
    &quot;HD195&quot;,
    &quot;SV545&quot;,
    &quot;XQ110&quot;,
    &quot;ZU160&quot;,
    &quot;XS770&quot;,
    &quot;PH627&quot;,
    &quot;OO056&quot;,
    &quot;BG563&quot;,
    &quot;SA880&quot;,
    &quot;JA529&quot;,
    &quot;GI608&quot;,
    &quot;WQ793&quot;,
    &quot;YW541&quot;,
    &quot;XG441&quot;,
    &quot;IN900&quot;,
    &quot;BY193&quot;,
    &quot;ZC548&quot;,
    &quot;RT550&quot;,
    &quot;OE388&quot;,
    &quot;XQ101&quot;,
    &quot;EN839&quot;,
    &quot;DR155&quot;,
    &quot;YM887&quot;,
    &quot;BS894&quot;,
    &quot;QG596&quot;,
    &quot;QJ622&quot;,
    &quot;MY107&quot;,
    &quot;QF264&quot;,
    &quot;NG759&quot;,
    &quot;GI617&quot;,
    &quot;CT545&quot;,
    &quot;AT914&quot;,
    &quot;FM783&quot;,
    &quot;SA875&quot;,
    &quot;TC852&quot;,
    &quot;ZM202&quot;,
    &quot;PZ266&quot;,
    &quot;YW555&quot;,
    &quot;ZN533&quot;,
    &quot;GE255&quot;,
    &quot;LX469&quot;,
    &quot;CE197&quot;,
    &quot;PS633&quot;,
    &quot;FZ593&quot;,
    &quot;MC103&quot;,
    &quot;NQ412&quot;,
    &quot;SZ929&quot;,
    &quot;BN173&quot;,
    &quot;JL542&quot;,
    &quot;BC181&quot;,
    &quot;OO038&quot;,
    &quot;TU481&quot;,
    &quot;PG320&quot;,
    &quot;LY769&quot;,
    &quot;BN182&quot;,
    &quot;EU459&quot;,
    &quot;ZD882&quot;,
    &quot;NC392&quot;,
    &quot;VO779&quot;,
    &quot;DW820&quot;,
    &quot;OD036&quot;,
    &quot;ZG928&quot;,
    &quot;NC379&quot;,
    &quot;VU080&quot;,
    &quot;ML390&quot;,
    &quot;BC196&quot;,
    &quot;LA127&quot;,
    &quot;XH746&quot;,
    &quot;LW112&quot;,
    &quot;JX855&quot;,
    &quot;CB904&quot;,
    &quot;ML396&quot;,
    &quot;KO833&quot;,
    &quot;PZ283&quot;,
    &quot;SO919&quot;,
    &quot;NC388&quot;,
    &quot;TB545&quot;,
    &quot;ET114&quot;,
    &quot;SO914&quot;,
    &quot;TY853&quot;,
    &quot;ZG922&quot;,
    &quot;UW471&quot;,
    &quot;KD842&quot;,
    &quot;ZG920&quot;,
    &quot;TD362&quot;,
    &quot;ZT676&quot;,
    &quot;CE146&quot;,
    &quot;DO097&quot;,
    &quot;AA177&quot;,
    &quot;AD206&quot;,
    &quot;IY930&quot;,
    &quot;OR125&quot;,
    &quot;AP525&quot;,
    &quot;NJ847&quot;,
    &quot;XZ379&quot;,
    &quot;YP032&quot;,
    &quot;LE543&quot;,
    &quot;JS192&quot;,
    &quot;AF862&quot;,
    &quot;ZH347&quot;,
    &quot;VH321&quot;,
    &quot;TC021&quot;,
    &quot;KD899&quot;,
    &quot;CF488&quot;,
    &quot;WR271&quot;,
    &quot;OH453&quot;,
    &quot;IB609&quot;,
    &quot;PC820&quot;,
    &quot;DR110&quot;,
    &quot;MC176&quot;,
    &quot;UP021&quot;,
    &quot;UG688&quot;,
    &quot;FH058&quot;,
    &quot;UG684&quot;,
    &quot;UF353&quot;,
    &quot;OW832&quot;,
    &quot;VU980&quot;,
    &quot;OV509&quot;,
    &quot;JL551&quot;,
    &quot;TN048&quot;,
    &quot;JW541&quot;,
    &quot;IB611&quot;,
    &quot;KB248&quot;,
    &quot;PB501&quot;,
    &quot;ZA733&quot;,
    &quot;CJ816&quot;,
    &quot;ZW720&quot;,
    &quot;XJ581&quot;,
    &quot;AI911&quot;,
    &quot;PU460&quot;,
    &quot;UF326&quot;,
    &quot;CJ818&quot;,
    &quot;FU702&quot;,
    &quot;RN443&quot;,
    &quot;KO866&quot;,
    &quot;DZ072&quot;,
    &quot;AT907&quot;,
    &quot;FI371&quot;,
    &quot;RR807&quot;,
    &quot;IB642&quot;,
    &quot;OI769&quot;,
    &quot;KC547&quot;,
    &quot;TD373&quot;,
    &quot;NU802&quot;,
    &quot;CJ821&quot;,
    &quot;AF874&quot;,
    &quot;RC436&quot;,
    &quot;OI765&quot;,
    &quot;XT233&quot;,
    &quot;WG257&quot;,
    &quot;BD487&quot;,
    &quot;PM512&quot;,
    &quot;NG783&quot;,
    &quot;VP275&quot;,
    &quot;HG295&quot;,
    &quot;IB634&quot;,
    &quot;RN435&quot;,
    &quot;QH031&quot;,
    &quot;WR240&quot;,
    &quot;DT743&quot;,
    &quot;LS604&quot;,
    &quot;FB726&quot;,
    &quot;GS344&quot;,
    &quot;ZW740&quot;,
    &quot;BZ443&quot;,
    &quot;AI098&quot;,
    &quot;CM060&quot;,
    &quot;YT430&quot;,
    &quot;IM658&quot;,
    &quot;EG379&quot;,
    &quot;VE270&quot;,
    &quot;ZR068&quot;,
    &quot;DS402&quot;,
    &quot;RW664&quot;,
    &quot;AY770&quot;,
    &quot;TF998&quot;,
    &quot;BS819&quot;,
    &quot;LI951&quot;,
    &quot;WH562&quot;,
    &quot;NB901&quot;,
    &quot;DH425&quot;,
    &quot;HN703&quot;,
    &quot;QS039&quot;,
    &quot;YJ778&quot;,
    &quot;AN775&quot;,
    &quot;JV259&quot;,
    &quot;XN907&quot;,
    &quot;OR150&quot;,
    &quot;RV337&quot;,
    &quot;VT611&quot;,
    &quot;DP380&quot;,
    &quot;VJ953&quot;,
    &quot;EG365&quot;,
    &quot;KY569&quot;,
    &quot;GA738&quot;,
    &quot;GT699&quot;,
    &quot;AX475&quot;,
    &quot;WI886&quot;,
    &quot;SX347&quot;,
    &quot;WI882&quot;,
    &quot;US942&quot;,
    &quot;HC720&quot;,
    &quot;ZG078&quot;,
    &quot;NE175&quot;,
    &quot;VJ927&quot;,
    &quot;HI022&quot;,
    &quot;VG896&quot;,
    &quot;NP160&quot;,
    &quot;JY312&quot;,
    &quot;MY180&quot;,
    &quot;WA926&quot;,
    &quot;TP632&quot;,
    &quot;DZ031&quot;,
    &quot;FQ392&quot;,
    &quot;WI879&quot;,
    &quot;WR211&quot;,
    &quot;WS542&quot;,
    &quot;XR498&quot;,
    &quot;PN803&quot;,
    &quot;VJ935&quot;,
    &quot;GW735&quot;,
    &quot;XP741&quot;,
    &quot;RX169&quot;,
    &quot;CZ683&quot;,
    &quot;CD690&quot;,
    &quot;NW614&quot;,
    &quot;JD686&quot;,
    &quot;PF922&quot;,
    &quot;YF406&quot;,
    &quot;MQ272&quot;,
    &quot;BP733&quot;,
    &quot;MU639&quot;,
    &quot;CO684&quot;,
    &quot;PM567&quot;,
    &quot;RM176&quot;,
    &quot;FI310&quot;,
    &quot;VV447&quot;,
    &quot;GL756&quot;,
    &quot;HT033&quot;,
    &quot;NH263&quot;,
    &quot;AU379&quot;,
    &quot;RQ532&quot;,
    &quot;GV419&quot;,
    &quot;GK427&quot;,
    &quot;PL231&quot;,
    &quot;NI591&quot;,
    &quot;BP742&quot;,
    &quot;UB837&quot;,
    &quot;PA245&quot;,
    &quot;OV580&quot;,
    &quot;PF930&quot;,
    &quot;FX805&quot;,
    &quot;KO012&quot;,
    &quot;HN743&quot;,
    &quot;PF933&quot;,
    &quot;SO149&quot;,
    &quot;GS395&quot;,
    &quot;BA391&quot;,
    &quot;ZZ024&quot;,
    &quot;XA372&quot;,
    &quot;JY326&quot;,
    &quot;YM055&quot;,
    &quot;KP347&quot;,
    &quot;QV180&quot;,
    &quot;TU517&quot;,
    &quot;TK850&quot;,
    &quot;PA259&quot;,
    &quot;AC775&quot;,
    &quot;AT078&quot;,
    &quot;BP717&quot;,
    &quot;JG738&quot;,
    &quot;UH105&quot;,
    &quot;ZZ036&quot;,
    &quot;VR061&quot;,
    &quot;UE079&quot;,
    &quot;UI433&quot;,
    &quot;AI076&quot;,
    &quot;NM930&quot;,
    &quot;ZD047&quot;,
    &quot;CC346&quot;,
    &quot;IE753&quot;,
    &quot;ZI734&quot;,
    &quot;PX579&quot;,
    &quot;XA365&quot;,
    &quot;UT446&quot;,
    &quot;AX424&quot;,
    &quot;CZ672&quot;,
    &quot;TK828&quot;,
    &quot;AA106&quot;,
    &quot;JR714&quot;,
    &quot;SG200&quot;,
    &quot;YR757&quot;,
    &quot;DG996&quot;,
    &quot;MQ242&quot;,
    &quot;GR093&quot;,
    &quot;BA374&quot;,
    &quot;EO260&quot;,
    &quot;UI450&quot;,
    &quot;HB439&quot;,
    &quot;VR055&quot;,
    &quot;ES621&quot;,
    &quot;KG997&quot;,
    &quot;XK014&quot;,
    &quot;CD688&quot;,
    &quot;NT554&quot;,
    &quot;YY398&quot;,
    &quot;HX420&quot;,
    &quot;IO409&quot;,
    &quot;JY343&quot;,
    &quot;PM595&quot;,
    &quot;YJ802&quot;,
    &quot;QK147&quot;,
    &quot;WC724&quot;,
    &quot;RZ782&quot;,
    &quot;MH016&quot;,
    &quot;GL794&quot;,
    &quot;WV687&quot;,
    &quot;IW399&quot;,
    &quot;FG573&quot;,
    &quot;UF388&quot;,
    &quot;KO040&quot;,
    &quot;WK689&quot;,
    &quot;DQ636&quot;,
    &quot;HI081&quot;,
    &quot;QE834&quot;,
    &quot;WK696&quot;,
    &quot;LF038&quot;,
    &quot;XY129&quot;,
    &quot;WJ361&quot;,
    &quot;IP767&quot;,
    &quot;IP766&quot;,
    &quot;QD509&quot;,
    &quot;JN381&quot;,
    &quot;FK927&quot;,
    &quot;JX041&quot;,
    &quot;FW512&quot;,
    &quot;UI428&quot;,
    &quot;MJ685&quot;,
    &quot;JC386&quot;,
    &quot;KO058&quot;,
    &quot;YE128&quot;,
    &quot;HB464&quot;,
    &quot;XZ465&quot;,
    &quot;BB683&quot;,
    &quot;TR444&quot;,
    &quot;QE841&quot;,
    &quot;IC100&quot;,
    &quot;LR366&quot;,
    &quot;CP988&quot;,
    &quot;NW646&quot;,
    &quot;VK403&quot;,
    &quot;RO784&quot;,
    &quot;EE586&quot;,
    &quot;MM708&quot;,
    &quot;TY042&quot;,
    &quot;GK482&quot;,
    &quot;AB408&quot;,
    &quot;OV551&quot;,
    &quot;MQ299&quot;,
    &quot;ZZ070&quot;,
    &quot;QW482&quot;,
    &quot;IE790&quot;,
    &quot;HN795&quot;,
    &quot;UJ729&quot;,
    &quot;YR790&quot;,
    &quot;GJ157&quot;,
    &quot;GJ158&quot;,
    &quot;CC301&quot;,
    &quot;ZA823&quot;,
    &quot;OO948&quot;,
    &quot;JF432&quot;,
    &quot;LG351&quot;,
    &quot;QO538&quot;,
    &quot;BI290&quot;,
    &quot;JG767&quot;,
    &quot;OO942&quot;,
    &quot;TZ380&quot;,
    &quot;BL324&quot;,
    &quot;WA991&quot;,
    &quot;DM248&quot;,
    &quot;XL309&quot;,
    &quot;BW320&quot;,
    &quot;CK272&quot;,
    &quot;XL303&quot;,
    &quot;EQ884&quot;,
    &quot;XB643&quot;,
    &quot;GN527&quot;,
    &quot;HA162&quot;,
    &quot;FH868&quot;,
    &quot;RP281&quot;,
    &quot;UL570&quot;,
    &quot;PH701&quot;,
    &quot;EW187&quot;,
    &quot;DN564&quot;,
    &quot;SW955&quot;,
    &quot;HM484&quot;,
    &quot;CD617&quot;,
    &quot;EP541&quot;,
    &quot;CL570&quot;,
    &quot;EE554&quot;,
    &quot;SA963&quot;,
    &quot;SA965&quot;,
    &quot;TJ599&quot;,
    &quot;OF718&quot;,
    &quot;HW142&quot;,
    &quot;NZ722&quot;,
    &quot;XN153&quot;,
    &quot;DO881&quot;,
    &quot;HP528&quot;,
    &quot;UK252&quot;,
    &quot;QS993&quot;,
    &quot;WD202&quot;,
    &quot;FD498&quot;,
    &quot;VB237&quot;,
    &quot;JQ442&quot;,
    &quot;FO488&quot;,
    &quot;NU023&quot;,
    &quot;CK256&quot;,
    &quot;ZM247&quot;,
    &quot;IH834&quot;,
    &quot;YW595&quot;,
    &quot;AG264&quot;,
    &quot;GC554&quot;,
    &quot;AW981&quot;,
    &quot;HD210&quot;,
    &quot;FX897&quot;,
    &quot;AJ329&quot;,
    &quot;HD218&quot;,
    &quot;WP516&quot;,
    &quot;UW549&quot;,
    &quot;IN160&quot;,
    &quot;UK225&quot;,
    &quot;WQ856&quot;,
    &quot;KD070&quot;,
    &quot;WP524&quot;,
    &quot;TY926&quot;,
    &quot;TY929&quot;,
    &quot;GZ878&quot;,
    &quot;ZB263&quot;,
    &quot;GG926&quot;,
    &quot;TU564&quot;,
    &quot;XW324&quot;,
    &quot;TJ572&quot;,
    &quot;EB490&quot;,
    &quot;UM890&quot;,
    &quot;DD886&quot;,
    &quot;YN313&quot;,
    &quot;SV633&quot;,
    &quot;WM479&quot;,
    &quot;OJ297&quot;,
    &quot;GZ886&quot;,
    &quot;VD876&quot;,
    &quot;XV092&quot;,
    &quot;HP544&quot;,
    &quot;ID493&quot;,
    &quot;PD386&quot;,
    &quot;CP924&quot;,
    &quot;EA166&quot;,
    &quot;OF760&quot;,
    &quot;DJ160&quot;,
    &quot;DC526&quot;,
    &quot;CS175&quot;,
    &quot;NC448&quot;,
    &quot;YD667&quot;,
    &quot;BI221&quot;,
    &quot;VV480&quot;,
    &quot;SR227&quot;,
    &quot;EE519&quot;,
    &quot;WQ830&quot;,
    &quot;PO305&quot;,
    &quot;KG168&quot;,
    &quot;KH496&quot;,
    &quot;FN122&quot;,
    &quot;QY241&quot;,
    &quot;ZF644&quot;,
    &quot;WC797&quot;,
    &quot;GM257&quot;,
    &quot;HI935&quot;,
    &quot;FD457&quot;,
    &quot;WA136&quot;,
    &quot;JE161&quot;,
    &quot;VK494&quot;,
    &quot;LB516&quot;,
    &quot;BN924&quot;,
    &quot;DO841&quot;,
    &quot;OM387&quot;,
    &quot;EX464&quot;,
    &quot;CS184&quot;,
    &quot;DK489&quot;,
    &quot;AA919&quot;,
    &quot;DZ841&quot;,
    &quot;AH554&quot;,
    &quot;CL542&quot;,
    &quot;NN434&quot;,
    &quot;AL910&quot;,
    &quot;CA552&quot;,
    &quot;EM466&quot;,
    &quot;IK901&quot;,
    &quot;IQ233&quot;,
    &quot;VJ134&quot;,
    &quot;ZR992&quot;,
    &quot;WT086&quot;,
    &quot;WT087&quot;,
    &quot;VK462&quot;,
    &quot;FZ632&quot;,
    &quot;LK784&quot;,
    &quot;US144&quot;,
    &quot;HS609&quot;,
    &quot;LY806&quot;,
    &quot;BF173&quot;,
    &quot;OY668&quot;,
    &quot;DO838&quot;,
    &quot;CT479&quot;,
    &quot;ZD001&quot;,
    &quot;CM842&quot;,
    &quot;JB918&quot;,
    &quot;PO324&quot;,
    &quot;LT111&quot;,
    &quot;NK396&quot;,
    &quot;XO421&quot;,
    &quot;FD438&quot;,
    &quot;CL528&quot;,
    &quot;WY761&quot;,
    &quot;TI207&quot;,
    &quot;FY317&quot;,
    &quot;LK797&quot;,
    &quot;MX756&quot;,
    &quot;VR090&quot;,
    &quot;ZZ000&quot;,
    &quot;GY597&quot;,
    &quot;OA038&quot;,
    &quot;GB281&quot;,
    &quot;AT897&quot;,
    &quot;EN772&quot;,
    &quot;PO334&quot;,
    &quot;RT613&quot;,
    &quot;PN003&quot;,
    &quot;KS283&quot;,
    &quot;PT870&quot;,
    &quot;BQ387&quot;,
    &quot;VX065&quot;,
    &quot;YB720&quot;,
    &quot;QI202&quot;,
    &quot;XS693&quot;,
    &quot;LB303&quot;,
    &quot;HP353&quot;,
    &quot;LZ956&quot;,
    &quot;FK291&quot;,
    &quot;TA122&quot;,
    &quot;IG359&quot;,
    &quot;FV068&quot;,
    &quot;JK987&quot;,
    &quot;XQ024&quot;,
    &quot;EW330&quot;,
    &quot;EY993&quot;,
    &quot;EV000&quot;,
    &quot;YA403&quot;,
    &quot;JJ658&quot;,
    &quot;YM725&quot;,
    &quot;DJ355&quot;,
    &quot;XS680&quot;,
    &quot;DI024&quot;,
    &quot;QF185&quot;,
    &quot;EX659&quot;,
    &quot;SA793&quot;,
    &quot;PL923&quot;,
    &quot;MQ946&quot;,
    &quot;YI372&quot;,
    &quot;GB061&quot;,
    &quot;MF957&quot;,
    &quot;DW999&quot;,
    &quot;KW620&quot;,
    &quot;TM438&quot;,
    &quot;HI749&quot;,
    &quot;OP207&quot;,
    &quot;UE754&quot;,
    &quot;DK675&quot;,
    &quot;OB180&quot;,
    &quot;WE366&quot;,
    &quot;QQ182&quot;,
    &quot;VN381&quot;,
    &quot;SD852&quot;,
    &quot;TE504&quot;,
    &quot;RM876&quot;,
    &quot;RW539&quot;,
    &quot;TA143&quot;,
    &quot;HO041&quot;,
    &quot;AH782&quot;,
    &quot;UK071&quot;,
    &quot;VC392&quot;,
    &quot;AK802&quot;,
    &quot;JJ673&quot;,
    &quot;YB753&quot;,
    &quot;QY912&quot;,
    &quot;MY885&quot;,
    &quot;FL596&quot;,
    &quot;PH584&quot;,
    &quot;YS058&quot;,
    &quot;BI417&quot;,
    &quot;KH288&quot;,
    &quot;ZC404&quot;,
    &quot;PR244&quot;,
    &quot;LQ704&quot;,
    &quot;BP013&quot;,
    &quot;NQ314&quot;,
    &quot;GP112&quot;,
    &quot;LL018&quot;,
    &quot;DA987&quot;,
    &quot;TX410&quot;,
    &quot;SL765&quot;,
    &quot;JB740&quot;,
    &quot;BJ710&quot;,
    &quot;QG465&quot;,
    &quot;QG462&quot;,
    &quot;FP945&quot;,
    &quot;EA313&quot;,
    &quot;LY668&quot;,
    &quot;PH510&quot;,
    &quot;LB350&quot;,
    &quot;VO692&quot;,
    &quot;TJ396&quot;,
    &quot;VD682&quot;,
    &quot;VG711&quot;,
    &quot;JT361&quot;,
    &quot;GJ811&quot;,
    &quot;XY808&quot;,
    &quot;TI069&quot;,
    &quot;RI452&quot;,
    &quot;KV367&quot;,
    &quot;CL704&quot;,
    &quot;IQ044&quot;,
    &quot;IV737&quot;,
    &quot;QK830&quot;,
    &quot;UZ405&quot;,
    &quot;HG112&quot;,
    &quot;ZN421&quot;,
    &quot;UE742&quot;,
    &quot;IG381&quot;,
    &quot;CA707&quot;,
    &quot;DK645&quot;,
    &quot;AS706&quot;,
    &quot;QS793&quot;,
    &quot;CA713&quot;,
    &quot;TX423&quot;,
    &quot;LW019&quot;,
    &quot;GJ824&quot;,
    &quot;TL106&quot;,
    &quot;GP138&quot;,
    &quot;XT965&quot;,
    &quot;QV839&quot;,
    &quot;AZ376&quot;,
    &quot;JM752&quot;,
    &quot;AZ374&quot;,
    &quot;SL789&quot;,
    &quot;OQ574&quot;,
    &quot;YL449&quot;,
    &quot;FR517&quot;,
    &quot;FP922&quot;,
    &quot;YM780&quot;,
    &quot;HR117&quot;,
    &quot;LC661&quot;,
    &quot;WQ654&quot;,
    &quot;VB008&quot;,
    &quot;XI961&quot;,
    &quot;QK851&quot;,
    &quot;YM787&quot;,
    &quot;ZU075&quot;,
    &quot;EC939&quot;,
    &quot;SK440&quot;,
    &quot;JL419&quot;,
    &quot;SL771&quot;,
    &quot;DK622&quot;,
    &quot;KU012&quot;,
    &quot;QQ158&quot;,
    &quot;HR129&quot;,
    &quot;HI791&quot;,
    &quot;VY325&quot;,
    &quot;AP693&quot;,
    &quot;ZG802&quot;,
    &quot;RI465&quot;,
    &quot;TX403&quot;,
    &quot;LX326&quot;,
    &quot;GI514&quot;,
    &quot;LX324&quot;,
    &quot;EY927&quot;,
    &quot;FB885&quot;,
    &quot;MY036&quot;,
    &quot;ZS221&quot;,
    &quot;AA298&quot;,
    &quot;GQ488&quot;,
    &quot;QN977&quot;,
    &quot;JM774&quot;,
    &quot;WV524&quot;,
    &quot;HH479&quot;,
    &quot;UQ228&quot;,
    &quot;NF365&quot;,
    &quot;CP254&quot;,
    &quot;CQ587&quot;,
    &quot;CT610&quot;,
    &quot;EV888&quot;,
    &quot;HT797&quot;,
    &quot;YR575&quot;,
    &quot;HH472&quot;,
    &quot;IN822&quot;,
    &quot;DS580&quot;,
    &quot;GF497&quot;,
    &quot;VI537&quot;,
    &quot;ZM910&quot;,
    &quot;RN301&quot;,
    &quot;PK660&quot;,
    &quot;LP426&quot;,
    &quot;BN288&quot;,
    &quot;DW921&quot;,
    &quot;PU330&quot;,
    &quot;TI944&quot;,
    &quot;FQ210&quot;,
    &quot;WS487&quot;,
    &quot;HK516&quot;,
    &quot;IF091&quot;,
    &quot;PC704&quot;,
    &quot;FR549&quot;,
    &quot;EY900&quot;,
    &quot;UK920&quot;,
    &quot;QA326&quot;,
    &quot;OP292&quot;,
    &quot;RP957&quot;,
    &quot;DK607&quot;,
    &quot;WA859&quot;,
    &quot;TD263&quot;,
    &quot;KZ733&quot;,
    &quot;SM272&quot;,
    &quot;HL851&quot;,
    &quot;XQ092&quot;,
    &quot;OS312&quot;,
    &quot;DG223&quot;,
    &quot;TL192&quot;,
    &quot;LB379&quot;,
    &quot;GB911&quot;,
    &quot;VU856&quot;,
    &quot;JM791&quot;,
    &quot;ZL608&quot;,
    &quot;AO332&quot;,
    &quot;LX359&quot;,
    &quot;PI020&quot;,
    &quot;AC011&quot;,
    &quot;EK877&quot;,
    &quot;JV122&quot;,
    &quot;PT016&quot;,
    &quot;VE173&quot;,
    &quot;HG178&quot;,
    &quot;LL049&quot;,
    &quot;SY589&quot;,
    &quot;CI619&quot;,
    &quot;JA463&quot;,
    &quot;YK966&quot;,
    &quot;XZ287&quot;,
    &quot;NH996&quot;,
    &quot;RP978&quot;,
    &quot;DL914&quot;,
    &quot;UK904&quot;,
    &quot;SG958&quot;,
    &quot;EU526&quot;,
    &quot;EJ537&quot;,
    &quot;EU525&quot;,
    &quot;SG959&quot;,
    &quot;TP568&quot;,
    &quot;QJ572&quot;,
    &quot;CG887&quot;,
    &quot;OG055&quot;,
    &quot;JA491&quot;,
    &quot;XT105&quot;,
    &quot;FA515&quot;,
    &quot;EF161&quot;,
    &quot;SN546&quot;,
    &quot;QJ577&quot;,
    &quot;FL502&quot;,
    &quot;MQ116&quot;,
    &quot;UC162&quot;,
    &quot;CR873&quot;,
    &quot;HL871&quot;,
    &quot;TE528&quot;,
    &quot;OT639&quot;,
    &quot;BH938&quot;,
    &quot;NP063&quot;,
    &quot;FB839&quot;,
    &quot;XJ432&quot;,
    &quot;MK813&quot;,
    &quot;ZM954&quot;,
    &quot;VU838&quot;,
    &quot;KG844&quot;,
    &quot;MY069&quot;,
    &quot;AB576&quot;,
    &quot;JK144&quot;,
    &quot;FU611&quot;,
    &quot;RK219&quot;,
    &quot;SM205&quot;,
    &quot;JP834&quot;,
    &quot;KN480&quot;,
    &quot;HO915&quot;,
    &quot;DT855&quot;,
    &quot;QT247&quot;,
    &quot;BZ573&quot;,
    &quot;OR032&quot;,
    &quot;HL881&quot;,
    &quot;RP915&quot;,
    &quot;RH196&quot;,
    &quot;TA151&quot;,
    &quot;PG273&quot;,
    &quot;DT841&quot;,
    &quot;ZA659&quot;,
    &quot;NP048&quot;,
    &quot;MG425&quot;,
    &quot;AW262&quot;,
    &quot;MY054&quot;,
    &quot;DP485&quot;,
    &quot;XR386&quot;,
    &quot;SM237&quot;,
    &quot;WT766&quot;,
    &quot;YJ664&quot;,
    &quot;FJ786&quot;,
    &quot;HO926&quot;,
    &quot;BD551&quot;,
    &quot;SR921&quot;,
    &quot;BC220&quot;,
    &quot;KU089&quot;,
    &quot;LA089&quot;,
    &quot;FI453&quot;,
    &quot;LX394&quot;,
    &quot;OS350&quot;,
    &quot;QN948&quot;,
    &quot;ZA654&quot;,
    &quot;VE110&quot;,
    &quot;CR855&quot;,
    &quot;RW561&quot;,
    &quot;PW973&quot;,
    &quot;RV233&quot;,
    &quot;SJ190&quot;,
    &quot;JK169&quot;,
    &quot;JO523&quot;,
    &quot;OI688&quot;,
    &quot;DP479&quot;,
    &quot;FT305&quot;,
    &quot;BE899&quot;,
    &quot;MZ380&quot;,
    &quot;TM498&quot;,
    &quot;JV151&quot;,
    &quot;AQ940&quot;,
    &quot;ZB997&quot;,
    &quot;TH687&quot;,
    &quot;QP755&quot;,
    &quot;XM592&quot;,
    &quot;HZ940&quot;,
    &quot;MR484&quot;,
    &quot;BO524&quot;,
    &quot;JS916&quot;,
    &quot;BK167&quot;,
    &quot;SP368&quot;,
    &quot;DD135&quot;,
    &quot;XA261&quot;,
    &quot;XW267&quot;,
    &quot;JH916&quot;,
    &quot;BE867&quot;,
    &quot;WO971&quot;,
    &quot;KQ545&quot;,
    &quot;JY219&quot;,
    &quot;GH278&quot;,
    &quot;FP066&quot;,
    &quot;AU499&quot;,
    &quot;KU905&quot;,
    &quot;LD171&quot;,
    &quot;IA258&quot;,
    &quot;LI870&quot;,
    &quot;UB712&quot;,
    &quot;FU659&quot;,
    &quot;IW225&quot;,
    &quot;JE883&quot;,
    &quot;AB538&quot;,
    &quot;HB305&quot;,
    &quot;YG625&quot;,
    &quot;XW272&quot;,
    &quot;FI423&quot;,
    &quot;JH911&quot;,
    &quot;WM302&quot;,
    &quot;GW631&quot;,
    &quot;MV837&quot;,
    &quot;NI467&quot;,
    &quot;AT159&quot;,
    &quot;MK844&quot;,
    &quot;JV172&quot;,
    &quot;GL643&quot;,
    &quot;YY255&quot;,
    &quot;GM976&quot;,
    &quot;XM572&quot;,
    &quot;RG769&quot;,
    &quot;FT332&quot;,
    &quot;DP447&quot;,
    &quot;QE784&quot;,
    &quot;IW258&quot;,
    &quot;QC121&quot;,
    &quot;OU148&quot;,
    &quot;UV979&quot;,
    &quot;BW472&quot;,
    &quot;EO391&quot;,
    &quot;QV079&quot;,
    &quot;QE778&quot;,
    &quot;QY104&quot;,
    &quot;UJ648&quot;,
    &quot;WK592&quot;,
    &quot;BD514&quot;,
    &quot;MK837&quot;,
    &quot;KE209&quot;,
    &quot;BL482&quot;,
    &quot;TF014&quot;,
    &quot;FU670&quot;,
    ...]&gt;
	at RobotTest.robotNamesAreUnique(RobotTest.java:49)
	at java.base/jdk.internal.reflect.NativeMethodAccessorImpl.invoke0(Native Method)
	at java.base/jdk.internal.reflect.NativeMethodAccessorImpl.invoke(NativeMethodAccessorImpl.java:62)
	at java.base/jdk.internal.reflect.DelegatingMethodAccessorImpl.invoke(DelegatingMethodAccessorImpl.java:43)
	at java.base/java.lang.reflect.Method.invoke(Method.java:566)
	at org.junit.runners.model.FrameworkMethod$1.runReflectiveCall(FrameworkMethod.java:59)
	at org.junit.internal.runners.model.ReflectiveCallable.run(ReflectiveCallable.java:12)
	at org.junit.runners.model.FrameworkMethod.invokeExplosively(FrameworkMethod.java:56)
	at org.junit.internal.runners.statements.InvokeMethod.evaluate(InvokeMethod.java:17)
	at org.junit.internal.runners.statements.RunBefores.evaluate(RunBefores.java:26)
	at org.junit.runners.ParentRunner$3.evaluate(ParentRunner.java:306)
	at org.junit.runners.BlockJUnit4ClassRunner$1.evaluate(BlockJUnit4ClassRunner.java:100)
	at org.junit.runners.ParentRunner.runLeaf(ParentRunner.java:366)
	at org.junit.runners.BlockJUnit4ClassRunner.runChild(BlockJUnit4ClassRunner.java:103)
	at org.junit.runners.BlockJUnit4ClassRunner.runChild(BlockJUnit4ClassRunner.java:63)
	at org.junit.runners.ParentRunner$4.run(ParentRunner.java:331)
	at org.junit.runners.ParentRunner$1.schedule(ParentRunner.java:79)
	at org.junit.runners.ParentRunner.runChildren(ParentRunner.java:329)
	at org.junit.runners.ParentRunner.access$100(ParentRunner.java:66)
	at org.junit.runners.ParentRunner$2.evaluate(ParentRunner.java:293)
	at org.junit.runners.ParentRunner$3.evaluate(ParentRunner.java:306)
	at org.junit.runners.ParentRunner.run(ParentRunner.java:413)
	at org.gradle.api.internal.tasks.testing.junit.JUnitTestClassExecutor.runTestClass(JUnitTestClassExecutor.java:110)
	at org.gradle.api.internal.tasks.testing.junit.JUnitTestClassExecutor.execute(JUnitTestClassExecutor.java:58)
	at org.gradle.api.internal.tasks.testing.junit.JUnitTestClassExecutor.execute(JUnitTestClassExecutor.java:38)
	at org.gradle.api.internal.tasks.testing.junit.AbstractJUnitTestClassProcessor.processTestClass(AbstractJUnitTestClassProcessor.java:62)
	at org.gradle.api.internal.tasks.testing.SuiteTestClassProcessor.processTestClass(SuiteTestClassProcessor.java:51)
	at java.base/jdk.internal.reflect.NativeMethodAccessorImpl.invoke0(Native Method)
	at java.base/jdk.internal.reflect.NativeMethodAccessorImpl.invoke(NativeMethodAccessorImpl.java:62)
	at java.base/jdk.internal.reflect.DelegatingMethodAccessorImpl.invoke(DelegatingMethodAccessorImpl.java:43)
	at java.base/java.lang.reflect.Method.invoke(Method.java:566)
	at org.gradle.internal.dispatch.ReflectionDispatch.dispatch(ReflectionDispatch.java:36)
	at org.gradle.internal.dispatch.ReflectionDispatch.dispatch(ReflectionDispatch.java:24)
	at org.gradle.internal.dispatch.ContextClassLoaderDispatch.dispatch(ContextClassLoaderDispatch.java:33)
	at org.gradle.internal.dispatch.ProxyDispatchAdapter$DispatchingInvocationHandler.invoke(ProxyDispatchAdapter.java:94)
	at com.sun.proxy.$Proxy2.processTestClass(Unknown Source)
	at org.gradle.api.internal.tasks.testing.worker.TestWorker.processTestClass(TestWorker.java:121)
	at java.base/jdk.internal.reflect.NativeMethodAccessorImpl.invoke0(Native Method)
	at java.base/jdk.internal.reflect.NativeMethodAccessorImpl.invoke(NativeMethodAccessorImpl.java:62)
	at java.base/jdk.internal.reflect.DelegatingMethodAccessorImpl.invoke(DelegatingMethodAccessorImpl.java:43)
	at java.base/java.lang.reflect.Method.invoke(Method.java:566)
	at org.gradle.internal.dispatch.ReflectionDispatch.dispatch(ReflectionDispatch.java:36)
	at org.gradle.internal.dispatch.ReflectionDispatch.dispatch(ReflectionDispatch.java:24)
	at org.gradle.internal.remote.internal.hub.MessageHubBackedObjectConnection$DispatchWrapper.dispatch(MessageHubBackedObjectConnection.java:182)
	at org.gradle.internal.remote.internal.hub.MessageHubBackedObjectConnection$DispatchWrapper.dispatch(MessageHubBackedObjectConnection.java:164)
	at org.gradle.internal.remote.internal.hub.MessageHub$Handler.run(MessageHub.java:414)
	at org.gradle.internal.concurrent.ExecutorPolicy$CatchAndRecordFailures.onExecute(ExecutorPolicy.java:64)
	at org.gradle.internal.concurrent.ManagedExecutorImpl$1.run(ManagedExecutorImpl.java:48)
	at java.base/java.util.concurrent.ThreadPoolExecutor.runWorker(ThreadPoolExecutor.java:1128)
	at java.base/java.util.concurrent.ThreadPoolExecutor$Worker.run(ThreadPoolExecutor.java:628)
	at org.gradle.internal.concurrent.ThreadFactoryImpl$ManagedThreadRunnable.run(ThreadFactoryImpl.java:56)
	at java.base/java.lang.Thread.run(Thread.java:834)
</failure>
  </testcase>
  <testcase name="differentRobotsHaveDifferentNames" classname="RobotTest" time="0.036"/>
  <testcase name="hasName" classname="RobotTest" time="0.0"/>
  <testcase name="resetName" classname="RobotTest" time="0.001"/>
  <system-out><![CDATA[]]></system-out>
  <system-err><![CDATA[]]></system-err>
</testsuite>
