<?xml version="1.0" encoding="UTF-8"?>
<testsuite name="RemoteControlCarTest" tests="3" skipped="0" failures="0" errors="0" timestamp="2022-10-24T13:37:08" hostname="RMN00030" time="0.074">
  <properties/>
  <testcase name="race" classname="RemoteControlCarTest" time="0.069"/>
  <testcase name="rankCars" classname="RemoteControlCarTest" time="0.001"/>
  <testcase name="ensureCarsAreComparables" classname="RemoteControlCarTest" time="0.003"/>
  <system-out><![CDATA[]]></system-out>
  <system-err><![CDATA[]]></system-err>
</testsuite>
